-------------------------------------------------------------------------------
Test set: ru.sbt.mipt.services.rbc.RBCWebMockTest
-------------------------------------------------------------------------------
Tests run: 1, Failures: 0, Errors: 1, Skipped: 0, Time elapsed: 2.873 s <<< FAILURE! - in ru.sbt.mipt.services.rbc.RBCWebMockTest
webResultTest(ru.sbt.mipt.services.rbc.RBCWebMockTest)  Time elapsed: 0.005 s  <<< ERROR!
java.lang.NoSuchMethodError: org.mockito.MockSettings.invocationListeners([Lorg/mockito/listeners/InvocationListener;)Lorg/mockito/MockSettings;

